# JRE version: Java(TM) SE Runtime Environment (8.0_20-b26) (build 1.8.0_20-b26)
# Java VM: Java HotSpot(TM) 64-Bit Server VM (25.20-b23 mixed mode windows-amd64 compressed oops)
Heap:
 PSYoungGen      total 34816K, used 8092K [0x00000000d9d80000, 0x00000000dce00000, 0x0000000100000000)
  eden space 30208K, 11% used [0x00000000d9d80000,0x00000000da0eccc8,0x00000000dbb00000)
  from space 4608K, 99% used [0x00000000dbb00000,0x00000000dbf7a5d8,0x00000000dbf80000)
  to   space 4608K, 0% used [0x00000000dc980000,0x00000000dc980000,0x00000000dce00000)
 ParOldGen       total 52224K, used 2480K [0x000000008d800000, 0x0000000090b00000, 0x00000000d9d80000)
  object space 52224K, 4% used [0x000000008d800000,0x000000008da6c0d8,0x0000000090b00000)
 Metaspace       used 12229K, capacity 12530K, committed 12928K, reserved 1060864K
  class space    used 1503K, capacity 1550K, committed 1664K, reserved 1048576K
GC Heap History (8 events):
Event: 0.962 GC heap before
{Heap before GC invocations=1 (full 0):
 PSYoungGen      total 34816K, used 30208K [0x00000000d9d80000, 0x00000000dc400000, 0x0000000100000000)
  eden space 30208K, 100% used [0x00000000d9d80000,0x00000000dbb00000,0x00000000dbb00000)
  from space 4608K, 0% used [0x00000000dbf80000,0x00000000dbf80000,0x00000000dc400000)
  to   space 4608K, 0% used [0x00000000dbb00000,0x00000000dbb00000,0x00000000dbf80000)
 ParOldGen       total 79360K, used 0K [0x000000008d800000, 0x0000000092580000, 0x00000000d9d80000)
  object space 79360K, 0% used [0x000000008d800000,0x000000008d800000,0x0000000092580000)
 Metaspace       used 7480K, capacity 7696K, committed 7936K, reserved 1056768K
  class space    used 927K, capacity 990K, committed 1024K, reserved 1048576K
Event: 0.967 GC heap after
Heap after GC invocations=1 (full 0):
 PSYoungGen      total 34816K, used 4370K [0x00000000d9d80000, 0x00000000dc400000, 0x0000000100000000)
  eden space 30208K, 0% used [0x00000000d9d80000,0x00000000d9d80000,0x00000000dbb00000)
  from space 4608K, 94% used [0x00000000dbb00000,0x00000000dbf44af0,0x00000000dbf80000)
  to   space 4608K, 0% used [0x00000000dbf80000,0x00000000dbf80000,0x00000000dc400000)
 ParOldGen       total 79360K, used 16K [0x000000008d800000, 0x0000000092580000, 0x00000000d9d80000)
  object space 79360K, 0% used [0x000000008d800000,0x000000008d804000,0x0000000092580000)
 Metaspace       used 7480K, capacity 7696K, committed 7936K, reserved 1056768K
  class space    used 927K, capacity 990K, committed 1024K, reserved 1048576K
}
Event: 1.190 GC heap before
{Heap before GC invocations=2 (full 0):
 PSYoungGen      total 34816K, used 11195K [0x00000000d9d80000, 0x00000000dc400000, 0x0000000100000000)
  eden space 30208K, 22% used [0x00000000d9d80000,0x00000000da42a238,0x00000000dbb00000)
  from space 4608K, 94% used [0x00000000dbb00000,0x00000000dbf44af0,0x00000000dbf80000)
  to   space 4608K, 0% used [0x00000000dbf80000,0x00000000dbf80000,0x00000000dc400000)
 ParOldGen       total 79360K, used 16K [0x000000008d800000, 0x0000000092580000, 0x00000000d9d80000)
  object space 79360K, 0% used [0x000000008d800000,0x000000008d804000,0x0000000092580000)
 Metaspace       used 8105K, capacity 8246K, committed 8320K, reserved 1060864K
  class space    used 1030K, capacity 1087K, committed 1152K, reserved 1048576K
Event: 1.193 GC heap after
Heap after GC invocations=2 (full 0):
 PSYoungGen      total 34816K, used 2529K [0x00000000d9d80000, 0x00000000dc400000, 0x0000000100000000)
  eden space 30208K, 0% used [0x00000000d9d80000,0x00000000d9d80000,0x00000000dbb00000)
  from space 4608K, 54% used [0x00000000dbf80000,0x00000000dc1f8648,0x00000000dc400000)
  to   space 4608K, 0% used [0x00000000dbb00000,0x00000000dbb00000,0x00000000dbf80000)
 ParOldGen       total 79360K, used 24K [0x000000008d800000, 0x0000000092580000, 0x00000000d9d80000)
  object space 79360K, 0% used [0x000000008d800000,0x000000008d806000,0x0000000092580000)
 Metaspace       used 8105K, capacity 8246K, committed 8320K, reserved 1060864K
  class space    used 1030K, capacity 1087K, committed 1152K, reserved 1048576K
}
Event: 1.193 GC heap before
{Heap before GC invocations=3 (full 1):
 PSYoungGen      total 34816K, used 2529K [0x00000000d9d80000, 0x00000000dc400000, 0x0000000100000000)
  eden space 30208K, 0% used [0x00000000d9d80000,0x00000000d9d80000,0x00000000dbb00000)
  from space 4608K, 54% used [0x00000000dbf80000,0x00000000dc1f8648,0x00000000dc400000)
  to   space 4608K, 0% used [0x00000000dbb00000,0x00000000dbb00000,0x00000000dbf80000)
 ParOldGen       total 79360K, used 24K [0x000000008d800000, 0x0000000092580000, 0x00000000d9d80000)
  object space 79360K, 0% used [0x000000008d800000,0x000000008d806000,0x0000000092580000)
 Metaspace       used 8105K, capacity 8246K, committed 8320K, reserved 1060864K
  class space    used 1030K, capacity 1087K, committed 1152K, reserved 1048576K
Event: 1.210 GC heap after
Heap after GC invocations=3 (full 1):
 PSYoungGen      total 34816K, used 0K [0x00000000d9d80000, 0x00000000dc400000, 0x0000000100000000)
  eden space 30208K, 0% used [0x00000000d9d80000,0x00000000d9d80000,0x00000000dbb00000)
  from space 4608K, 0% used [0x00000000dbf80000,0x00000000dbf80000,0x00000000dc400000)
  to   space 4608K, 0% used [0x00000000dbb00000,0x00000000dbb00000,0x00000000dbf80000)
 ParOldGen       total 52224K, used 2358K [0x000000008d800000, 0x0000000090b00000, 0x00000000d9d80000)
  object space 52224K, 4% used [0x000000008d800000,0x000000008da4d950,0x0000000090b00000)
 Metaspace       used 8105K, capacity 8246K, committed 8320K, reserved 1058816K
  class space    used 1030K, capacity 1087K, committed 1152K, reserved 1048576K
}
Event: 2.391 GC heap before
{Heap before GC invocations=4 (full 1):
 PSYoungGen      total 34816K, used 30208K [0x00000000d9d80000, 0x00000000dc400000, 0x0000000100000000)
  eden space 30208K, 100% used [0x00000000d9d80000,0x00000000dbb00000,0x00000000dbb00000)
  from space 4608K, 0% used [0x00000000dbf80000,0x00000000dbf80000,0x00000000dc400000)
  to   space 4608K, 0% used [0x00000000dbb00000,0x00000000dbb00000,0x00000000dbf80000)
 ParOldGen       total 52224K, used 2358K [0x000000008d800000, 0x0000000090b00000, 0x00000000d9d80000)
  object space 52224K, 4% used [0x000000008d800000,0x000000008da4d950,0x0000000090b00000)
 Metaspace       used 12162K, capacity 12384K, committed 12672K, reserved 1060864K
  class space    used 1500K, capacity 1547K, committed 1664K, reserved 1048576K
Event: 2.396 GC heap after
Heap after GC invocations=4 (full 1):
 PSYoungGen      total 34816K, used 4585K [0x00000000d9d80000, 0x00000000dce00000, 0x0000000100000000)
  eden space 30208K, 0% used [0x00000000d9d80000,0x00000000d9d80000,0x00000000dbb00000)
  from space 4608K, 99% used [0x00000000dbb00000,0x00000000dbf7a5d8,0x00000000dbf80000)
  to   space 4608K, 0% used [0x00000000dc980000,0x00000000dc980000,0x00000000dce00000)
 ParOldGen       total 52224K, used 2480K [0x000000008d800000, 0x0000000090b00000, 0x00000000d9d80000)
  object space 52224K, 4% used [0x000000008d800000,0x000000008da6c0d8,0x0000000090b00000)
 Metaspace       used 12162K, capacity 12384K, committed 12672K, reserved 1060864K
  class space    used 1500K, capacity 1547K, committed 1664K, reserved 1048576K
}

